2025-04-17 14:09:38 UTC
macOS-15.3.2-arm64-arm-64bit
Ren'Py 8.3.4.24120703

Early init took 0.03s
Loading error handling took 0.03s
Loading script took 0.16s
Loading save slot metadata took 0.02s
Loading persistent took 0.00s
Running init code took 0.03s
Loading analysis data took 0.01s
Analyze and compile ATL took 0.00s
Reloading save slot metadata took 0.01s
Index archives took 0.00s
Dump and make backups took 0.03s
Cleaning cache took 0.00s
Making clean stores took 0.00s
Initial gc took 0.02s
DPI scale factor: 1.000000
Creating interface object took 0.00s
Cleaning stores took 0.00s
Init translation took 0.02s
Build styles took 0.00s
Load screen analysis took 0.02s
Analyze screens took 0.00s
Save screen analysis took 0.00s
Prepare screens took 0.04s
Save pyanalysis. took 0.00s
Save bytecode. took 0.02s
Running _start took 0.00s
Interface start took 0.28s

Initializing gl2 renderer:
primary display bounds: (0, 0, 1512, 982)
swap interval: 1 frames
Windowed mode.
Vendor: "b'Apple'"
Renderer: b'Apple M1 Pro'
Version: b'2.1 Metal - 89.3'
Display Info: None
Screen sizes: virtual=(1920, 1080) physical=(1290, 726) drawable=(2580, 1452)
Maximum texture size: 4096x4096

Full traceback:
  File "renpy/common/00gamemenu.rpy", line 174, in script
    $ ui.interact()
  File "/Users/vano/Downloads/renpy-8.3.4-sdk/renpy/ast.py", line 827, in execute
    renpy.python.py_exec_bytecode(self.code.bytecode, self.hide, store=self.store)
  File "/Users/vano/Downloads/renpy-8.3.4-sdk/renpy/python.py", line 1178, in py_exec_bytecode
    exec(bytecode, globals, locals)
  File "renpy/common/00gamemenu.rpy", line 174, in <module>
    $ ui.interact()
  File "/Users/vano/Downloads/renpy-8.3.4-sdk/renpy/ui.py", line 301, in interact
    rv = renpy.game.interface.interact(roll_forward=roll_forward, **kwargs)
  File "/Users/vano/Downloads/renpy-8.3.4-sdk/renpy/display/core.py", line 2215, in interact
    repeat, rv = self.interact_core(preloads=preloads, trans_pause=trans_pause, pause=pause, pause_start=pause_start, pause_modal=pause_modal, **kwargs) # type: ignore
  File "/Users/vano/Downloads/renpy-8.3.4-sdk/renpy/display/core.py", line 3281, in interact_core
    rv = renpy.display.focus.mouse_handler(ev, x, y)
  File "/Users/vano/Downloads/renpy-8.3.4-sdk/renpy/display/focus.py", line 638, in mouse_handler
    return change_focus(new_focus, default=default)
  File "/Users/vano/Downloads/renpy-8.3.4-sdk/renpy/display/focus.py", line 564, in change_focus
    set_focused(current, newfocus.arg, newfocus.screen)
  File "/Users/vano/Downloads/renpy-8.3.4-sdk/renpy/display/focus.py", line 226, in set_focused
    new_tooltip = widget._get_tooltip()
  File "/Users/vano/Downloads/renpy-8.3.4-sdk/renpy/display/behavior.py", line 951, in _get_tooltip
    return get_tooltip(self.action)
  File "/Users/vano/Downloads/renpy-8.3.4-sdk/renpy/display/behavior.py", line 444, in get_tooltip
    rv = get_tooltip(i)
  File "/Users/vano/Downloads/renpy-8.3.4-sdk/renpy/display/behavior.py", line 454, in get_tooltip
    return func()
TypeError: get_tooltip() missing 1 required positional argument: 'self'

While running game code:
  File "renpy/common/00gamemenu.rpy", line 174, in script
    $ ui.interact()
  File "renpy/common/00gamemenu.rpy", line 174, in <module>
    $ ui.interact()
TypeError: get_tooltip() missing 1 required positional argument: 'self'
Traceback (most recent call last):
  File "/Users/vano/Downloads/renpy-8.3.4-sdk/renpy/execution.py", line 599, in run
    node.execute()
  File "/Users/vano/Downloads/renpy-8.3.4-sdk/renpy/ast.py", line 827, in execute
    renpy.python.py_exec_bytecode(self.code.bytecode, self.hide, store=self.store)
  File "/Users/vano/Downloads/renpy-8.3.4-sdk/renpy/python.py", line 1178, in py_exec_bytecode
    exec(bytecode, globals, locals)
  File "renpy/common/00gamemenu.rpy", line 174, in <module>
    $ ui.interact()
  File "/Users/vano/Downloads/renpy-8.3.4-sdk/renpy/ui.py", line 301, in interact
    rv = renpy.game.interface.interact(roll_forward=roll_forward, **kwargs)
  File "/Users/vano/Downloads/renpy-8.3.4-sdk/renpy/display/core.py", line 2215, in interact
    repeat, rv = self.interact_core(preloads=preloads, trans_pause=trans_pause, pause=pause, pause_start=pause_start, pause_modal=pause_modal, **kwargs) # type: ignore
  File "/Users/vano/Downloads/renpy-8.3.4-sdk/renpy/display/core.py", line 3281, in interact_core
    rv = renpy.display.focus.mouse_handler(ev, x, y)
  File "/Users/vano/Downloads/renpy-8.3.4-sdk/renpy/display/focus.py", line 638, in mouse_handler
    return change_focus(new_focus, default=default)
  File "/Users/vano/Downloads/renpy-8.3.4-sdk/renpy/display/focus.py", line 564, in change_focus
    set_focused(current, newfocus.arg, newfocus.screen)
  File "/Users/vano/Downloads/renpy-8.3.4-sdk/renpy/display/focus.py", line 226, in set_focused
    new_tooltip = widget._get_tooltip()
  File "/Users/vano/Downloads/renpy-8.3.4-sdk/renpy/display/behavior.py", line 951, in _get_tooltip
    return get_tooltip(self.action)
  File "/Users/vano/Downloads/renpy-8.3.4-sdk/renpy/display/behavior.py", line 444, in get_tooltip
    rv = get_tooltip(i)
  File "/Users/vano/Downloads/renpy-8.3.4-sdk/renpy/display/behavior.py", line 454, in get_tooltip
    return func()
TypeError: get_tooltip() missing 1 required positional argument: 'self'

During handling of the above exception, another exception occurred:

Traceback (most recent call last):
  File "/Users/vano/Downloads/renpy-8.3.4-sdk/renpy/editor.py", line 171, in launch_editor
    editor.end()
  File "/Users/vano/Downloads/renpy-8.3.4-sdk/launcher/Visual Studio Code (System).edit.py", line 79, in end
    subprocess.Popen(args)
  File "lib/python3.9/subprocess.py", line 951, in __init__
  File "lib/python3.9/subprocess.py", line 1821, in _execute_child
FileNotFoundError: [Errno 2] No such file or directory: 'code'
Resetting cache.
Early init took 15.11s
Loading error handling took 0.02s
Loading script took 0.08s
Loading save slot metadata took 0.02s
Loading persistent took 0.00s
Running init code took 0.02s
Loading analysis data took 0.01s
Analyze and compile ATL took 0.00s
Reloading save slot metadata took 0.01s
Index archives took 0.00s
Dump and make backups took 0.03s
Cleaning cache took 0.00s
Making clean stores took 0.00s
Initial gc took 0.03s
DPI scale factor: 1.000000
Creating interface object took 0.00s
Cleaning stores took 0.00s
Init translation took 0.02s
Build styles took 0.00s
Load screen analysis took 0.02s
Analyze screens took 0.00s
Save screen analysis took 0.00s
Prepare screens took 0.05s
Save pyanalysis. took 0.00s
Save bytecode. took 0.00s
Running _start took 0.00s
Interface start took 0.15s

Initializing gl2 renderer:
primary display bounds: (0, 0, 1512, 982)
swap interval: 1 frames
Windowed mode.
Vendor: "b'Apple'"
Renderer: b'Apple M1 Pro'
Version: b'2.1 Metal - 89.3'
Display Info: None
Screen sizes: virtual=(1920, 1080) physical=(1290, 726) drawable=(2580, 1452)
Maximum texture size: 4096x4096

Full traceback:
  File "renpy/common/00gamemenu.rpy", line 174, in script
    $ ui.interact()
  File "/Users/vano/Downloads/renpy-8.3.4-sdk/renpy/ast.py", line 827, in execute
    renpy.python.py_exec_bytecode(self.code.bytecode, self.hide, store=self.store)
  File "/Users/vano/Downloads/renpy-8.3.4-sdk/renpy/python.py", line 1178, in py_exec_bytecode
    exec(bytecode, globals, locals)
  File "renpy/common/00gamemenu.rpy", line 174, in <module>
    $ ui.interact()
  File "/Users/vano/Downloads/renpy-8.3.4-sdk/renpy/ui.py", line 301, in interact
    rv = renpy.game.interface.interact(roll_forward=roll_forward, **kwargs)
  File "/Users/vano/Downloads/renpy-8.3.4-sdk/renpy/display/core.py", line 2215, in interact
    repeat, rv = self.interact_core(preloads=preloads, trans_pause=trans_pause, pause=pause, pause_start=pause_start, pause_modal=pause_modal, **kwargs) # type: ignore
  File "/Users/vano/Downloads/renpy-8.3.4-sdk/renpy/display/core.py", line 3281, in interact_core
    rv = renpy.display.focus.mouse_handler(ev, x, y)
  File "/Users/vano/Downloads/renpy-8.3.4-sdk/renpy/display/focus.py", line 638, in mouse_handler
    return change_focus(new_focus, default=default)
  File "/Users/vano/Downloads/renpy-8.3.4-sdk/renpy/display/focus.py", line 564, in change_focus
    set_focused(current, newfocus.arg, newfocus.screen)
  File "/Users/vano/Downloads/renpy-8.3.4-sdk/renpy/display/focus.py", line 226, in set_focused
    new_tooltip = widget._get_tooltip()
  File "/Users/vano/Downloads/renpy-8.3.4-sdk/renpy/display/behavior.py", line 951, in _get_tooltip
    return get_tooltip(self.action)
  File "/Users/vano/Downloads/renpy-8.3.4-sdk/renpy/display/behavior.py", line 444, in get_tooltip
    rv = get_tooltip(i)
  File "/Users/vano/Downloads/renpy-8.3.4-sdk/renpy/display/behavior.py", line 454, in get_tooltip
    return func()
TypeError: get_tooltip() missing 1 required positional argument: 'self'

While running game code:
  File "renpy/common/00gamemenu.rpy", line 174, in script
    $ ui.interact()
  File "renpy/common/00gamemenu.rpy", line 174, in <module>
    $ ui.interact()
TypeError: get_tooltip() missing 1 required positional argument: 'self'
Resetting cache.
Early init took 30.24s
Loading error handling took 0.03s
Loading script took 0.08s
Loading save slot metadata took 0.02s
Loading persistent took 0.00s
Running init code took 0.02s
Loading analysis data took 0.01s
Analyze and compile ATL took 0.00s
Reloading save slot metadata took 0.01s
Index archives took 0.00s
Dump and make backups took 0.03s
Cleaning cache took 0.00s
Making clean stores took 0.00s
Initial gc took 0.03s
DPI scale factor: 1.000000
Creating interface object took 0.00s
Cleaning stores took 0.00s
Init translation took 0.02s
Build styles took 0.00s
Load screen analysis took 0.02s
Analyze screens took 0.00s
Save screen analysis took 0.00s
Prepare screens took 0.05s
Save pyanalysis. took 0.00s
Save bytecode. took 0.00s
Running _start took 0.00s
Interface start took 0.16s

Initializing gl2 renderer:
primary display bounds: (0, 0, 1512, 982)
swap interval: 1 frames
Windowed mode.
Vendor: "b'Apple'"
Renderer: b'Apple M1 Pro'
Version: b'2.1 Metal - 89.3'
Display Info: None
Screen sizes: virtual=(1920, 1080) physical=(1290, 726) drawable=(2580, 1452)
Maximum texture size: 4096x4096

Full traceback:
  File "renpy/common/00gamemenu.rpy", line 174, in script
    $ ui.interact()
  File "/Users/vano/Downloads/renpy-8.3.4-sdk/renpy/ast.py", line 827, in execute
    renpy.python.py_exec_bytecode(self.code.bytecode, self.hide, store=self.store)
  File "/Users/vano/Downloads/renpy-8.3.4-sdk/renpy/python.py", line 1178, in py_exec_bytecode
    exec(bytecode, globals, locals)
  File "renpy/common/00gamemenu.rpy", line 174, in <module>
    $ ui.interact()
  File "/Users/vano/Downloads/renpy-8.3.4-sdk/renpy/ui.py", line 301, in interact
    rv = renpy.game.interface.interact(roll_forward=roll_forward, **kwargs)
  File "/Users/vano/Downloads/renpy-8.3.4-sdk/renpy/display/core.py", line 2215, in interact
    repeat, rv = self.interact_core(preloads=preloads, trans_pause=trans_pause, pause=pause, pause_start=pause_start, pause_modal=pause_modal, **kwargs) # type: ignore
  File "/Users/vano/Downloads/renpy-8.3.4-sdk/renpy/display/core.py", line 3281, in interact_core
    rv = renpy.display.focus.mouse_handler(ev, x, y)
  File "/Users/vano/Downloads/renpy-8.3.4-sdk/renpy/display/focus.py", line 638, in mouse_handler
    return change_focus(new_focus, default=default)
  File "/Users/vano/Downloads/renpy-8.3.4-sdk/renpy/display/focus.py", line 564, in change_focus
    set_focused(current, newfocus.arg, newfocus.screen)
  File "/Users/vano/Downloads/renpy-8.3.4-sdk/renpy/display/focus.py", line 226, in set_focused
    new_tooltip = widget._get_tooltip()
  File "/Users/vano/Downloads/renpy-8.3.4-sdk/renpy/display/behavior.py", line 951, in _get_tooltip
    return get_tooltip(self.action)
  File "/Users/vano/Downloads/renpy-8.3.4-sdk/renpy/display/behavior.py", line 444, in get_tooltip
    rv = get_tooltip(i)
  File "/Users/vano/Downloads/renpy-8.3.4-sdk/renpy/display/behavior.py", line 454, in get_tooltip
    return func()
TypeError: get_tooltip() missing 1 required positional argument: 'self'

While running game code:
  File "renpy/common/00gamemenu.rpy", line 174, in script
    $ ui.interact()
  File "renpy/common/00gamemenu.rpy", line 174, in <module>
    $ ui.interact()
TypeError: get_tooltip() missing 1 required positional argument: 'self'
Resetting cache.
Early init took 44.19s
Loading error handling took 0.02s
Loading script took 0.08s
Loading save slot metadata took 0.02s
Loading persistent took 0.00s
Running init code took 0.02s
Loading analysis data took 0.01s
Analyze and compile ATL took 0.00s
Reloading save slot metadata took 0.01s
Index archives took 0.00s
Dump and make backups took 0.02s
Cleaning cache took 0.00s
Making clean stores took 0.00s
Initial gc took 0.03s
DPI scale factor: 1.000000
Creating interface object took 0.00s
Cleaning stores took 0.00s
Init translation took 0.02s
Build styles took 0.00s
Load screen analysis took 0.02s
Analyze screens took 0.00s
Save screen analysis took 0.00s
Prepare screens took 0.04s
Save pyanalysis. took 0.00s
Save bytecode. took 0.00s
Running _start took 0.00s
Interface start took 0.14s

Initializing gl2 renderer:
primary display bounds: (0, 0, 1512, 982)
swap interval: 1 frames
Windowed mode.
Vendor: "b'Apple'"
Renderer: b'Apple M1 Pro'
Version: b'2.1 Metal - 89.3'
Display Info: None
Screen sizes: virtual=(1920, 1080) physical=(1290, 726) drawable=(2580, 1452)
Maximum texture size: 4096x4096
Resetting cache.
Early init took 96.01s
Loading error handling took 0.02s
Loading script took 0.19s
Loading save slot metadata took 0.02s
Loading persistent took 0.00s
Running init code took 0.02s
Loading analysis data took 0.01s
Analyze and compile ATL took 0.00s
Reloading save slot metadata took 0.01s
Index archives took 0.00s
Backing up script files to '/Users/vano/Library/RenPy/backups/GameSemester4':
Dump and make backups took 0.03s
Cleaning cache took 0.00s
Making clean stores took 0.00s
Initial gc took 0.04s
DPI scale factor: 1.000000
Creating interface object took 0.00s
Cleaning stores took 0.00s
Init translation took 0.02s
Build styles took 0.00s
Load screen analysis took 0.00s
Analyze screens took 0.01s
Save screen analysis took 0.02s
Prepare screens took 0.04s
Save pyanalysis. took 0.02s
Save bytecode. took 0.01s
Running _start took 0.00s
Interface start took 0.16s

Initializing gl2 renderer:
primary display bounds: (0, 0, 1512, 982)
swap interval: 1 frames
Windowed mode.
Vendor: "b'Apple'"
Renderer: b'Apple M1 Pro'
Version: b'2.1 Metal - 89.3'
Display Info: None
Screen sizes: virtual=(1920, 1080) physical=(1290, 726) drawable=(2580, 1452)
Maximum texture size: 4096x4096
Cleaning stores took 0.00s
Init translation took 0.00s
Build styles took 0.00s
Load screen analysis took 0.02s
Analyze screens took 0.00s
Prepare screens took 0.00s
Running _start took 0.00s
